**********************
PowerShell transcript start
Start time: 20260205130531
Username: SOSMint\ejs
RunAs User: SOSMint\ejs
Configuration Name: 
Machine: SOSMint (Unix 5.15.0.168)
Host Application: /opt/microsoft/powershell/7/pwsh.dll --nologo -nologo
Process ID: 2700
PSVersion: 7.5.4
PSEdition: Core
GitCommitId: 7.5.4
OS: Linux Mint 21.3
Platform: Unix
PSCompatibleVersions: 1.0, 2.0, 3.0, 4.0, 5.0, 5.1, 6.0, 7.0
PSRemotingProtocolVersion: 2.3
SerializationVersion: 1.1.0.1
WSManStackVersion: 3.0
**********************
VERBOSE: Transcript started, output file is /home/ejs/Desktop/SultanSoft.github.io/docs/Templates/Powershell_Script_Template.log

VERBOSE: <<<<<<<<<<<<<<<< BEGIN FUNCTION: Start-Function1 >>>>>>>>>>>>>>>>
This text is the result of calling Start-Function1.

VERBOSE: <<<<<<<<<<<<<<<< BEGIN FUNCTION: Start-Function2 >>>>>>>>>>>>>>>>
This text is the result of calling Start-Function2.
WARNING: This function is DESIGNED TO FAIL by dividing by zero so you can see what happens with error handling.
WARNING: The catch block will prevent the script from stopping.
WARNING:
WARNING: ERROR: ===============================[ WARNING ]=====================================
WARNING: ERROR: FUNCTION_NAME: Start-Function2
WARNING: ERROR: MESSAGE: Attempted to divide by zero.
WARNING: ERROR: TYPE: System.Management.Automation.RuntimeException
WARNING: ERROR: LINE: At /home/ejs/Desktop/SultanSoft.github.io/docs/Templates/Powershell_Script_Template.ps1:146 char:9
+         $ExpectedError = 1/0 ## Dividing by zero will cause a termina …
+         ~~~~~~~~~~~~~~~~~~~~
WARNING: ERROR: ===============================[ WARNING ]=====================================

VERBOSE: <<<<<<<<<<<<<<<< BEGIN FUNCTION: Start-Function3 >>>>>>>>>>>>>>>>
This text is the result of calling Start-Function3.

VERBOSE: <<<<<<<<<<<<<<<< BEGIN FUNCTION: Start-Function4 >>>>>>>>>>>>>>>>
This text is the result of calling Start-Function4.
WARNING: This function is DESIGNED TO FAIL by dividing by zero so you can see what happens with error handling.
PS>TerminatingError(): "Attempted to divide by zero."

ERROR: ===============================[ ERROR ]=====================================
ERROR: FUNCTION_NAME: Start-Function4
ERROR: MESSAGE: Attempted to divide by zero.
ERROR: TYPE: System.Management.Automation.RuntimeException
ERROR: LINE: At /home/ejs/Desktop/SultanSoft.github.io/docs/Templates/Powershell_Script_Template.ps1:178 char:5
+     $ExpectedError = 1/0 ## Dividing by zero will cause a terminating …
+     ~~~~~~~~~~~~~~~~~~~~
ERROR: ===============================[ ERROR ]=====================================

VERBOSE: <<<<<<<<<<<<<<<< BEGIN FUNCTION: Stop-ScriptTranscript >>>>>>>>>>>>>>>>
VERBOSE: Stopping Transcript...
**********************
PowerShell transcript end
End time: 20260205130535
**********************
